[07:55:35] [main/WARN]: Ambiguity between arguments [teleport, destination] and [teleport, targets] with inputs: [Player, 0123, @e, dd12be42-52a9-4a91-a8a1-11c01849e498]
[07:55:35] [main/WARN]: Ambiguity between arguments [teleport, location] and [teleport, destination] with inputs: [0.1 -0.5 .9, 0 0 0]
[07:55:35] [main/WARN]: Ambiguity between arguments [teleport, location] and [teleport, targets] with inputs: [0.1 -0.5 .9, 0 0 0]
[07:55:35] [main/WARN]: Ambiguity between arguments [teleport, targets] and [teleport, destination] with inputs: [Player, 0123, dd12be42-52a9-4a91-a8a1-11c01849e498]
[07:55:35] [main/WARN]: Ambiguity between arguments [teleport, targets, location] and [teleport, targets, destination] with inputs: [0.1 -0.5 .9, 0 0 0]
[07:55:35] [main/INFO]: Reloading ResourceManager: Default
[07:55:35] [Worker-Main-14/INFO]: Loaded 7 recipes
[07:55:35] [Worker-Main-14/INFO]: Loaded 927 advancements
[07:55:40] [Server thread/INFO]: Starting minecraft server version 1.16.5
[07:55:40] [Server thread/INFO]: Loading properties
[07:55:40] [Server thread/INFO]: Default game type: SURVIVAL
[07:55:40] [Server thread/INFO]: Generating keypair
[07:55:40] [Server thread/INFO]: Starting Minecraft server on *:25565
[07:55:40] [Server thread/INFO]: Using default channel type
[07:55:40] [Server thread/INFO]: Preparing level "world"
[07:55:45] [Server thread/INFO]: Preparing start region for dimension minecraft:overworld
[07:55:45] [Worker-Main-18/INFO]: Preparing spawn area: 0%
[07:55:46] [Worker-Main-9/INFO]: Preparing spawn area: 0%
[07:55:46] [Worker-Main-10/INFO]: Preparing spawn area: 0%
[07:55:47] [Worker-Main-10/INFO]: Preparing spawn area: 1%
[07:55:47] [Worker-Main-11/INFO]: Preparing spawn area: 4%
[07:55:48] [Worker-Main-9/INFO]: Preparing spawn area: 5%
[07:55:48] [Worker-Main-13/INFO]: Preparing spawn area: 6%
[07:55:49] [Worker-Main-18/INFO]: Preparing spawn area: 9%
[07:55:49] [Worker-Main-18/INFO]: Preparing spawn area: 11%
[07:55:50] [Worker-Main-8/INFO]: Preparing spawn area: 15%
[07:55:51] [Worker-Main-9/INFO]: Preparing spawn area: 15%
[07:55:51] [Worker-Main-11/INFO]: Preparing spawn area: 15%
[07:55:51] [Worker-Main-11/INFO]: Preparing spawn area: 20%
[07:55:52] [Worker-Main-9/INFO]: Preparing spawn area: 25%
[07:55:52] [Worker-Main-9/INFO]: Preparing spawn area: 27%
[07:55:53] [Worker-Main-13/INFO]: Preparing spawn area: 27%
[07:55:53] [Worker-Main-9/INFO]: Preparing spawn area: 33%
[07:55:54] [Worker-Main-8/INFO]: Preparing spawn area: 33%
[07:55:54] [Worker-Main-11/INFO]: Preparing spawn area: 46%
[07:55:55] [Worker-Main-12/INFO]: Preparing spawn area: 51%
[07:55:55] [Worker-Main-10/INFO]: Preparing spawn area: 51%
[07:55:56] [Worker-Main-12/INFO]: Preparing spawn area: 55%
[07:55:56] [Worker-Main-8/INFO]: Preparing spawn area: 62%
[07:55:57] [Worker-Main-11/INFO]: Preparing spawn area: 70%
[07:55:57] [Worker-Main-12/INFO]: Preparing spawn area: 78%
[07:55:58] [Worker-Main-12/INFO]: Preparing spawn area: 84%
[07:55:58] [Worker-Main-11/INFO]: Preparing spawn area: 91%
[07:55:59] [Worker-Main-13/INFO]: Preparing spawn area: 99%
[07:55:59] [Server thread/INFO]: Time elapsed: 13554 ms
[07:55:59] [Server thread/INFO]: Done (18.400s)! For help, type "help"
[07:59:37] [User Authenticator #1/INFO]: UUID of player Legit_Playaa is 6114d9f7-15ec-4ead-989f-511e4715cc7e
[07:59:37] [Server thread/INFO]: Legit_Playaa[/127.0.0.1:61247] logged in with entity id 369 at (-71.5, 69.0, -99.5)
[07:59:37] [Server thread/INFO]: Legit_Playaa joined the game
[08:00:03] [Server thread/INFO]: Legit_Playaa lost connection: Disconnected
[08:00:03] [Server thread/INFO]: Legit_Playaa left the game
[08:16:40] [User Authenticator #2/INFO]: UUID of player TVal30 is 6114d9f7-15ec-4ead-989f-511e4715cc7e
[08:16:40] [Server thread/INFO]: TVal30[/127.0.0.1:61414] logged in with entity id 487 at (-71.5, 69.0, -99.5)
[08:16:40] [Server thread/INFO]: TVal30 (formerly known as Legit_Playaa) joined the game
[08:16:49] [Server thread/INFO]: TVal30 lost connection: Disconnected
[08:16:49] [Server thread/INFO]: TVal30 left the game
