[23:51:48] [main/INFO]: Environment: authHost='https://authserver.mojang.com', accountsHost='https://api.mojang.com', sessionHost='https://sessionserver.mojang.com', servicesHost='https://api.minecraftservices.com', name='PROD'
[23:51:50] [main/INFO]: Reloading ResourceManager: Default, bukkit
[23:51:53] [Worker-Main-2/INFO]: Loaded 7 recipes
[23:51:56] [Server thread/INFO]: Starting minecraft server version 1.16.5
[23:51:56] [Server thread/INFO]: Loading properties
[23:51:57] [Server thread/INFO]: This server is running CraftBukkit version 2991-Spigot-018b9a0-f3f3094 (MC: 1.16.5) (Implementing API version 1.16.5-R0.1-SNAPSHOT)
[23:51:58] [Server thread/INFO]: Debug logging is disabled
[23:51:58] [Server thread/INFO]: Server Ping Player Sample Count: 12
[23:51:58] [Server thread/INFO]: Using 4 threads for Netty based IO
[23:51:58] [Server thread/INFO]: Default game type: SURVIVAL
[23:51:58] [Server thread/INFO]: Generating keypair
[23:52:01] [Server thread/INFO]: Starting Minecraft server on *:25565
[23:52:01] [Server thread/INFO]: Using epoll channel type
[23:52:04] [Server thread/INFO]: Preparing level "world"
[23:52:04] [Server thread/INFO]: -------- World Settings For [world] --------
[23:52:04] [Server thread/INFO]: Experience Merge Radius: 3.0
[23:52:04] [Server thread/INFO]: Mob Spawn Range: 6
[23:52:04] [Server thread/INFO]: Cactus Growth Modifier: 100%
[23:52:04] [Server thread/INFO]: Cane Growth Modifier: 100%
[23:52:04] [Server thread/INFO]: Melon Growth Modifier: 100%
[23:52:04] [Server thread/INFO]: Mushroom Growth Modifier: 100%
[23:52:04] [Server thread/INFO]: Pumpkin Growth Modifier: 100%
[23:52:04] [Server thread/INFO]: Sapling Growth Modifier: 100%
[23:52:04] [Server thread/INFO]: Beetroot Growth Modifier: 100%
[23:52:04] [Server thread/INFO]: Carrot Growth Modifier: 100%
[23:52:04] [Server thread/INFO]: Potato Growth Modifier: 100%
[23:52:04] [Server thread/INFO]: Wheat Growth Modifier: 100%
[23:52:04] [Server thread/INFO]: NetherWart Growth Modifier: 100%
[23:52:04] [Server thread/INFO]: Vine Growth Modifier: 100%
[23:52:04] [Server thread/INFO]: Cocoa Growth Modifier: 100%
[23:52:04] [Server thread/INFO]: Bamboo Growth Modifier: 100%
[23:52:04] [Server thread/INFO]: SweetBerry Growth Modifier: 100%
[23:52:04] [Server thread/INFO]: Kelp Growth Modifier: 100%
[23:52:04] [Server thread/INFO]: Entity Activation Range: An 32 / Mo 32 / Ra 48 / Mi 16 / Tiv true
[23:52:04] [Server thread/INFO]: Hopper Transfer: 8 Hopper Check: 1 Hopper Amount: 1
[23:52:04] [Server thread/INFO]: Custom Map Seeds:  Village: 10387312 Desert: 14357617 Igloo: 14357618 Jungle: 14357619 Swamp: 14357620 Monument: 10387313 Ocean: 14357621 Shipwreck: 165745295 End City: 10387313 Slime: 987234911 Bastion: 30084232 Fortress: 30084232 Mansion: 10387319 Fossil: 14357921 Portal: 34222645
[23:52:04] [Server thread/INFO]: Max TNT Explosions: 100
[23:52:04] [Server thread/INFO]: Tile Max Tick Time: 50ms Entity max Tick Time: 50ms
[23:52:04] [Server thread/INFO]: Entity Tracking Range: Pl 48 / An 48 / Mo 48 / Mi 32 / Other 64
[23:52:04] [Server thread/INFO]: Allow Zombie Pigmen to spawn from portal blocks: true
[23:52:04] [Server thread/INFO]: Item Despawn Rate: 6000
[23:52:04] [Server thread/INFO]: Item Merge Radius: 2.5
[23:52:04] [Server thread/INFO]: View Distance: 10
[23:52:04] [Server thread/INFO]: Arrow Despawn Rate: 1200 Trident Respawn Rate:1200
[23:52:04] [Server thread/INFO]: Zombie Aggressive Towards Villager: true
[23:52:04] [Server thread/INFO]: Nerfing mobs spawned from spawners: false
[23:52:05] [Server thread/INFO]: -------- World Settings For [world_nether] --------
[23:52:05] [Server thread/INFO]: Experience Merge Radius: 3.0
[23:52:05] [Server thread/INFO]: Mob Spawn Range: 6
[23:52:05] [Server thread/INFO]: Cactus Growth Modifier: 100%
[23:52:05] [Server thread/INFO]: Cane Growth Modifier: 100%
[23:52:05] [Server thread/INFO]: Melon Growth Modifier: 100%
[23:52:05] [Server thread/INFO]: Mushroom Growth Modifier: 100%
[23:52:05] [Server thread/INFO]: Pumpkin Growth Modifier: 100%
[23:52:05] [Server thread/INFO]: Sapling Growth Modifier: 100%
[23:52:05] [Server thread/INFO]: Beetroot Growth Modifier: 100%
[23:52:05] [Server thread/INFO]: Carrot Growth Modifier: 100%
[23:52:05] [Server thread/INFO]: Potato Growth Modifier: 100%
[23:52:05] [Server thread/INFO]: Wheat Growth Modifier: 100%
[23:52:05] [Server thread/INFO]: NetherWart Growth Modifier: 100%
[23:52:05] [Server thread/INFO]: Vine Growth Modifier: 100%
[23:52:05] [Server thread/INFO]: Cocoa Growth Modifier: 100%
[23:52:05] [Server thread/INFO]: Bamboo Growth Modifier: 100%
[23:52:05] [Server thread/INFO]: SweetBerry Growth Modifier: 100%
[23:52:05] [Server thread/INFO]: Kelp Growth Modifier: 100%
[23:52:05] [Server thread/INFO]: Entity Activation Range: An 32 / Mo 32 / Ra 48 / Mi 16 / Tiv true
[23:52:05] [Server thread/INFO]: Hopper Transfer: 8 Hopper Check: 1 Hopper Amount: 1
[23:52:05] [Server thread/INFO]: Custom Map Seeds:  Village: 10387312 Desert: 14357617 Igloo: 14357618 Jungle: 14357619 Swamp: 14357620 Monument: 10387313 Ocean: 14357621 Shipwreck: 165745295 End City: 10387313 Slime: 987234911 Bastion: 30084232 Fortress: 30084232 Mansion: 10387319 Fossil: 14357921 Portal: 34222645
[23:52:05] [Server thread/INFO]: Max TNT Explosions: 100
[23:52:05] [Server thread/INFO]: Tile Max Tick Time: 50ms Entity max Tick Time: 50ms
[23:52:06] [Server thread/INFO]: Entity Tracking Range: Pl 48 / An 48 / Mo 48 / Mi 32 / Other 64
[23:52:06] [Server thread/INFO]: Allow Zombie Pigmen to spawn from portal blocks: true
[23:52:06] [Server thread/INFO]: Item Despawn Rate: 6000
[23:52:06] [Server thread/INFO]: Item Merge Radius: 2.5
[23:52:06] [Server thread/INFO]: View Distance: 10
[23:52:06] [Server thread/INFO]: Arrow Despawn Rate: 1200 Trident Respawn Rate:1200
[23:52:06] [Server thread/INFO]: Zombie Aggressive Towards Villager: true
[23:52:06] [Server thread/INFO]: Nerfing mobs spawned from spawners: false
[23:52:06] [Server thread/INFO]: -------- World Settings For [world_the_end] --------
[23:52:06] [Server thread/INFO]: Experience Merge Radius: 3.0
[23:52:06] [Server thread/INFO]: Mob Spawn Range: 6
[23:52:06] [Server thread/INFO]: Cactus Growth Modifier: 100%
[23:52:06] [Server thread/INFO]: Cane Growth Modifier: 100%
[23:52:06] [Server thread/INFO]: Melon Growth Modifier: 100%
[23:52:06] [Server thread/INFO]: Mushroom Growth Modifier: 100%
[23:52:06] [Server thread/INFO]: Pumpkin Growth Modifier: 100%
[23:52:06] [Server thread/INFO]: Sapling Growth Modifier: 100%
[23:52:06] [Server thread/INFO]: Beetroot Growth Modifier: 100%
[23:52:06] [Server thread/INFO]: Carrot Growth Modifier: 100%
[23:52:06] [Server thread/INFO]: Potato Growth Modifier: 100%
[23:52:06] [Server thread/INFO]: Wheat Growth Modifier: 100%
[23:52:06] [Server thread/INFO]: NetherWart Growth Modifier: 100%
[23:52:06] [Server thread/INFO]: Vine Growth Modifier: 100%
[23:52:06] [Server thread/INFO]: Cocoa Growth Modifier: 100%
[23:52:06] [Server thread/INFO]: Bamboo Growth Modifier: 100%
[23:52:06] [Server thread/INFO]: SweetBerry Growth Modifier: 100%
[23:52:06] [Server thread/INFO]: Kelp Growth Modifier: 100%
[23:52:06] [Server thread/INFO]: Entity Activation Range: An 32 / Mo 32 / Ra 48 / Mi 16 / Tiv true
[23:52:06] [Server thread/INFO]: Hopper Transfer: 8 Hopper Check: 1 Hopper Amount: 1
[23:52:06] [Server thread/INFO]: Custom Map Seeds:  Village: 10387312 Desert: 14357617 Igloo: 14357618 Jungle: 14357619 Swamp: 14357620 Monument: 10387313 Ocean: 14357621 Shipwreck: 165745295 End City: 10387313 Slime: 987234911 Bastion: 30084232 Fortress: 30084232 Mansion: 10387319 Fossil: 14357921 Portal: 34222645
[23:52:06] [Server thread/INFO]: Max TNT Explosions: 100
[23:52:06] [Server thread/INFO]: Tile Max Tick Time: 50ms Entity max Tick Time: 50ms
[23:52:06] [Server thread/INFO]: Entity Tracking Range: Pl 48 / An 48 / Mo 48 / Mi 32 / Other 64
[23:52:06] [Server thread/INFO]: Allow Zombie Pigmen to spawn from portal blocks: true
[23:52:06] [Server thread/INFO]: Item Despawn Rate: 6000
[23:52:06] [Server thread/INFO]: Item Merge Radius: 2.5
[23:52:06] [Server thread/INFO]: View Distance: 10
[23:52:06] [Server thread/INFO]: Arrow Despawn Rate: 1200 Trident Respawn Rate:1200
[23:52:06] [Server thread/INFO]: Zombie Aggressive Towards Villager: true
[23:52:06] [Server thread/INFO]: Nerfing mobs spawned from spawners: false
[23:52:06] [Server thread/INFO]: Preparing start region for dimension minecraft:overworld
[23:52:16] [Server thread/INFO]: Preparing spawn area: 0%
[23:52:16] [Server thread/INFO]: Preparing spawn area: 0%
[23:52:16] [Server thread/INFO]: Preparing spawn area: 0%
[23:52:16] [Server thread/INFO]: Preparing spawn area: 0%
[23:52:16] [Server thread/INFO]: Preparing spawn area: 0%
[23:52:16] [Server thread/INFO]: Preparing spawn area: 0%
[23:52:16] [Server thread/INFO]: Preparing spawn area: 0%
[23:52:16] [Server thread/INFO]: Preparing spawn area: 0%
[23:52:16] [Server thread/INFO]: Preparing spawn area: 0%
[23:52:16] [Server thread/INFO]: Preparing spawn area: 0%
[23:52:16] [Server thread/INFO]: Preparing spawn area: 0%
[23:52:16] [Server thread/INFO]: Preparing spawn area: 0%
[23:52:16] [Server thread/INFO]: Preparing spawn area: 0%
[23:52:16] [Server thread/INFO]: Preparing spawn area: 0%
[23:52:16] [Server thread/INFO]: Preparing spawn area: 0%
[23:52:16] [Server thread/INFO]: Preparing spawn area: 0%
[23:52:16] [Server thread/INFO]: Preparing spawn area: 0%
[23:52:16] [Server thread/INFO]: Preparing spawn area: 0%
[23:52:16] [Server thread/INFO]: Preparing spawn area: 0%
[23:52:16] [Server thread/INFO]: Preparing spawn area: 0%
[23:52:16] [Server thread/INFO]: Preparing spawn area: 0%
[23:52:23] [Worker-Main-2/INFO]: Preparing spawn area: 16%
[23:52:23] [Worker-Main-2/INFO]: Preparing spawn area: 16%
[23:52:23] [Worker-Main-2/INFO]: Preparing spawn area: 16%
[23:52:23] [Worker-Main-2/INFO]: Preparing spawn area: 16%
[23:52:23] [Worker-Main-2/INFO]: Preparing spawn area: 16%
[23:52:23] [Worker-Main-2/INFO]: Preparing spawn area: 16%
[23:52:23] [Worker-Main-2/INFO]: Preparing spawn area: 16%
[23:52:23] [Worker-Main-2/INFO]: Preparing spawn area: 16%
[23:52:23] [Worker-Main-2/INFO]: Preparing spawn area: 16%
[23:52:23] [Worker-Main-2/INFO]: Preparing spawn area: 16%
[23:52:23] [Worker-Main-2/INFO]: Preparing spawn area: 16%
[23:52:23] [Worker-Main-2/INFO]: Preparing spawn area: 16%
[23:52:23] [Worker-Main-2/INFO]: Preparing spawn area: 16%
[23:52:24] [Worker-Main-2/INFO]: Preparing spawn area: 16%
[23:52:24] [Worker-Main-2/INFO]: Preparing spawn area: 86%
[23:52:25] [Worker-Main-2/INFO]: Preparing spawn area: 86%
[23:52:25] [Server thread/INFO]: Preparing spawn area: 86%
[23:52:25] [Worker-Main-2/INFO]: Preparing spawn area: 86%
[23:52:26] [Worker-Main-2/INFO]: Preparing spawn area: 86%
[23:52:26] [Worker-Main-2/INFO]: Preparing spawn area: 86%
[23:52:27] [Worker-Main-2/INFO]: Preparing spawn area: 86%
[23:52:27] [Worker-Main-2/INFO]: Preparing spawn area: 86%
[23:52:28] [Server thread/INFO]: Preparing spawn area: 86%
[23:52:28] [Worker-Main-2/INFO]: Preparing spawn area: 86%
[23:52:29] [Worker-Main-2/INFO]: Preparing spawn area: 86%
[23:52:29] [Worker-Main-2/INFO]: Preparing spawn area: 86%
[23:52:30] [Server thread/INFO]: Preparing spawn area: 86%
[23:52:30] [Worker-Main-2/INFO]: Preparing spawn area: 87%
[23:52:31] [Server thread/INFO]: Preparing spawn area: 87%
[23:52:32] [Server thread/INFO]: Preparing spawn area: 89%
[23:52:32] [Server thread/INFO]: Preparing spawn area: 89%
[23:52:32] [Server thread/INFO]: Time elapsed: 25871 ms
[23:52:32] [Server thread/INFO]: Preparing start region for dimension minecraft:the_nether
[23:52:34] [Server thread/INFO]: Preparing spawn area: 0%
[23:52:34] [Server thread/INFO]: Preparing spawn area: 0%
[23:52:34] [Server thread/INFO]: Preparing spawn area: 0%
[23:52:34] [Server thread/INFO]: Preparing spawn area: 0%
[23:52:35] [Worker-Main-2/INFO]: Preparing spawn area: 61%
[23:52:35] [Server thread/INFO]: Preparing spawn area: 61%
[23:52:35] [Worker-Main-2/INFO]: Preparing spawn area: 62%
[23:52:36] [Worker-Main-2/INFO]: Preparing spawn area: 70%
[23:52:36] [Worker-Main-2/INFO]: Preparing spawn area: 83%
[23:52:37] [Worker-Main-2/INFO]: Preparing spawn area: 83%
[23:52:37] [Worker-Main-2/INFO]: Preparing spawn area: 83%
[23:52:38] [Worker-Main-2/INFO]: Preparing spawn area: 83%
[23:52:38] [Worker-Main-2/INFO]: Preparing spawn area: 83%
[23:52:39] [Worker-Main-2/INFO]: Preparing spawn area: 83%
[23:52:39] [Worker-Main-2/INFO]: Preparing spawn area: 83%
[23:52:40] [Worker-Main-2/INFO]: Preparing spawn area: 83%
[23:52:40] [Worker-Main-2/INFO]: Preparing spawn area: 84%
[23:52:41] [Worker-Main-2/INFO]: Preparing spawn area: 84%
[23:52:41] [Worker-Main-2/INFO]: Preparing spawn area: 85%
[23:52:42] [Worker-Main-2/INFO]: Preparing spawn area: 86%
[23:52:42] [Worker-Main-2/INFO]: Preparing spawn area: 89%
[23:52:43] [Server thread/INFO]: Time elapsed: 10432 ms
[23:52:43] [Server thread/INFO]: Preparing start region for dimension minecraft:the_end
[23:52:44] [Server thread/INFO]: Preparing spawn area: 0%
[23:52:44] [Server thread/INFO]: Preparing spawn area: 0%
[23:52:44] [Server thread/INFO]: Preparing spawn area: 0%
[23:52:44] [Worker-Main-2/INFO]: Preparing spawn area: 83%
[23:52:45] [Worker-Main-2/INFO]: Preparing spawn area: 90%
[23:52:45] [Server thread/INFO]: Time elapsed: 2254 ms
[23:52:45] [Server thread/INFO]: Server permissions file permissions.yml is empty, ignoring it
[23:52:45] [Server thread/INFO]: Done (41.354s)! For help, type "help"
[23:52:46] [Server thread/INFO]: com.mojang.authlib.GameProfile@27f5a6ce[id=<null>,name=saints360,properties={},legacy=false] (/0:0:0:0:0:0:0:1%0:56418) lost connection: Disconnected
[23:52:58] [User Authenticator #1/INFO]: UUID of player saints360 is 33c4819a-44ca-4f9f-bad0-e57673f0de32
[23:52:59] [Server thread/INFO]: saints360[/0:0:0:0:0:0:0:1%0:56422] logged in with entity id 191 at ([world]-169.57034877463425, 71.0, -127.95533706088608)
[23:53:09] [Server thread/WARN]: Can't keep up! Is the server overloaded? Running 5030ms or 100 ticks behind
[23:53:51] [Server thread/INFO]: saints360 lost connection: Disconnected
[23:53:51] [Server thread/INFO]: saints360 left the game
