[08:57:45] [main/INFO]: Environment: authHost='https://authserver.mojang.com', accountsHost='https://api.mojang.com', sessionHost='https://sessionserver.mojang.com', servicesHost='https://api.minecraftservices.com', name='PROD'
[08:57:45] [main/WARN]: Ambiguity between arguments [teleport, destination] and [teleport, targets] with inputs: [Player, 0123, @e, dd12be42-52a9-4a91-a8a1-11c01849e498]
[08:57:45] [main/WARN]: Ambiguity between arguments [teleport, location] and [teleport, destination] with inputs: [0.1 -0.5 .9, 0 0 0]
[08:57:45] [main/WARN]: Ambiguity between arguments [teleport, location] and [teleport, targets] with inputs: [0.1 -0.5 .9, 0 0 0]
[08:57:45] [main/WARN]: Ambiguity between arguments [teleport, targets] and [teleport, destination] with inputs: [Player, 0123, dd12be42-52a9-4a91-a8a1-11c01849e498]
[08:57:45] [main/WARN]: Ambiguity between arguments [teleport, targets, location] and [teleport, targets, destination] with inputs: [0.1 -0.5 .9, 0 0 0]
[08:57:45] [main/INFO]: Reloading ResourceManager: Default
[08:57:46] [Worker-Main-14/INFO]: Loaded 7 recipes
[08:57:46] [Worker-Main-14/INFO]: Loaded 927 advancements
[08:57:48] [Server thread/INFO]: Starting minecraft server version 1.16.5
[08:57:48] [Server thread/INFO]: Loading properties
[08:57:48] [Server thread/INFO]: Default game type: SURVIVAL
[08:57:48] [Server thread/INFO]: Generating keypair
[08:57:48] [Server thread/INFO]: Starting Minecraft server on *:25565
[08:57:48] [Server thread/INFO]: Using default channel type
[08:57:48] [Server thread/WARN]: **** FAILED TO BIND TO PORT!
[08:57:48] [Server thread/WARN]: The exception was: java.net.BindException: Address already in use
[08:57:48] [Server thread/WARN]: Perhaps a server is already running on that port?
[08:57:48] [Server thread/INFO]: Stopping server
[08:57:48] [Server thread/INFO]: Saving worlds
[08:57:48] [Server thread/ERROR]: Exception stopping the server
java.lang.NullPointerException: Cannot invoke "aag.f()" because "☃" is null
	at net.minecraft.server.MinecraftServer.a(SourceFile:572) ~[server.jar:?]
	at net.minecraft.server.MinecraftServer.t(SourceFile:599) ~[server.jar:?]
	at zg.t(SourceFile:567) ~[server.jar:?]
	at net.minecraft.server.MinecraftServer.w(SourceFile:707) ~[server.jar:?]
	at net.minecraft.server.MinecraftServer.a(SourceFile:257) ~[server.jar:?]
	at java.lang.Thread.run(Thread.java:831) [?:?]
