[13:31:41] [main/INFO]: Environment: authHost='https://authserver.mojang.com', accountsHost='https://api.mojang.com', sessionHost='https://sessionserver.mojang.com', servicesHost='https://api.minecraftservices.com', name='PROD'
[13:31:42] [main/INFO]: Reloading ResourceManager: Default, bukkit
[13:31:43] [Worker-Main-9/INFO]: Loaded 7 recipes
[13:31:46] [Server thread/INFO]: Starting minecraft server version 1.16.5
[13:31:46] [Server thread/INFO]: Loading properties
[13:31:47] [Server thread/INFO]: This server is running CraftBukkit version 2991-Spigot-018b9a0-f3f3094 (MC: 1.16.5) (Implementing API version 1.16.5-R0.1-SNAPSHOT)
[13:31:47] [Server thread/INFO]: Debug logging is disabled
[13:31:47] [Server thread/INFO]: Server Ping Player Sample Count: 12
[13:31:47] [Server thread/INFO]: Using 4 threads for Netty based IO
[13:31:47] [Server thread/INFO]: Default game type: SURVIVAL
[13:31:47] [Server thread/INFO]: Generating keypair
[13:31:47] [Server thread/INFO]: Starting Minecraft server on *:25565
[13:31:47] [Server thread/INFO]: Using default channel type
[13:31:49] [Server thread/WARN]: Initializing Legacy Material Support. Unless you have legacy plugins and/or data this is a bug!
[13:31:54] [Server thread/WARN]: Legacy plugin HealthBar v1.8.3 does not specify an api-version.
[13:31:54] [Server thread/INFO]: [Chairs] Loading Chairs v7.0
[13:31:54] [Server thread/INFO]: [Timber] Loading Timber v1.0.9
[13:31:54] [Server thread/INFO]: [HealthBar] Loading HealthBar v1.8.3
[13:31:54] [Server thread/INFO]: [BackpacksRemastered] Loading BackpacksRemastered v2020.0.5
[13:31:54] [Server thread/INFO]: [DeadChest] Loading DeadChest v4.4.0
[13:31:54] [Server thread/INFO]: [DeadChest] Worldguard support disabled by user
[13:31:54] [Server thread/INFO]: Preparing level "world"
[13:31:54] [Server thread/INFO]: -------- World Settings For [world] --------
[13:31:54] [Server thread/INFO]: Allow Zombie Pigmen to spawn from portal blocks: true
[13:31:54] [Server thread/INFO]: Entity Tracking Range: Pl 48 / An 48 / Mo 48 / Mi 32 / Other 64
[13:31:54] [Server thread/INFO]: Item Merge Radius: 2.5
[13:31:54] [Server thread/INFO]: Item Despawn Rate: 6000
[13:31:54] [Server thread/INFO]: View Distance: 10
[13:31:54] [Server thread/INFO]: Zombie Aggressive Towards Villager: true
[13:31:54] [Server thread/INFO]: Nerfing mobs spawned from spawners: false
[13:31:54] [Server thread/INFO]: Arrow Despawn Rate: 1200 Trident Respawn Rate:1200
[13:31:54] [Server thread/INFO]: Experience Merge Radius: 3.0
[13:31:54] [Server thread/INFO]: Mob Spawn Range: 6
[13:31:54] [Server thread/INFO]: Cactus Growth Modifier: 100%
[13:31:54] [Server thread/INFO]: Cane Growth Modifier: 100%
[13:31:54] [Server thread/INFO]: Melon Growth Modifier: 100%
[13:31:54] [Server thread/INFO]: Mushroom Growth Modifier: 100%
[13:31:54] [Server thread/INFO]: Pumpkin Growth Modifier: 100%
[13:31:54] [Server thread/INFO]: Sapling Growth Modifier: 100%
[13:31:54] [Server thread/INFO]: Beetroot Growth Modifier: 100%
[13:31:54] [Server thread/INFO]: Carrot Growth Modifier: 100%
[13:31:54] [Server thread/INFO]: Potato Growth Modifier: 100%
[13:31:54] [Server thread/INFO]: Wheat Growth Modifier: 100%
[13:31:55] [Server thread/INFO]: NetherWart Growth Modifier: 100%
[13:31:55] [Server thread/INFO]: Vine Growth Modifier: 100%
[13:31:55] [Server thread/INFO]: Cocoa Growth Modifier: 100%
[13:31:55] [Server thread/INFO]: Bamboo Growth Modifier: 100%
[13:31:55] [Server thread/INFO]: SweetBerry Growth Modifier: 100%
[13:31:55] [Server thread/INFO]: Kelp Growth Modifier: 100%
[13:31:55] [Server thread/INFO]: Entity Activation Range: An 32 / Mo 32 / Ra 48 / Mi 16 / Tiv true
[13:31:55] [Server thread/INFO]: Hopper Transfer: 8 Hopper Check: 1 Hopper Amount: 1
[13:31:55] [Server thread/INFO]: Custom Map Seeds:  Village: 10387312 Desert: 14357617 Igloo: 14357618 Jungle: 14357619 Swamp: 14357620 Monument: 10387313 Ocean: 14357621 Shipwreck: 165745295 End City: 10387313 Slime: 987234911 Bastion: 30084232 Fortress: 30084232 Mansion: 10387319 Fossil: 14357921 Portal: 34222645
[13:31:55] [Server thread/INFO]: Max TNT Explosions: 100
[13:31:55] [Server thread/INFO]: Tile Max Tick Time: 50ms Entity max Tick Time: 50ms
[13:31:55] [Server thread/INFO]: -------- World Settings For [world_nether] --------
[13:31:55] [Server thread/INFO]: Allow Zombie Pigmen to spawn from portal blocks: true
[13:31:55] [Server thread/INFO]: Entity Tracking Range: Pl 48 / An 48 / Mo 48 / Mi 32 / Other 64
[13:31:55] [Server thread/INFO]: Item Merge Radius: 2.5
[13:31:55] [Server thread/INFO]: Item Despawn Rate: 6000
[13:31:55] [Server thread/INFO]: View Distance: 10
[13:31:55] [Server thread/INFO]: Zombie Aggressive Towards Villager: true
[13:31:55] [Server thread/INFO]: Nerfing mobs spawned from spawners: false
[13:31:55] [Server thread/INFO]: Arrow Despawn Rate: 1200 Trident Respawn Rate:1200
[13:31:55] [Server thread/INFO]: Experience Merge Radius: 3.0
[13:31:55] [Server thread/INFO]: Mob Spawn Range: 6
[13:31:55] [Server thread/INFO]: Cactus Growth Modifier: 100%
[13:31:55] [Server thread/INFO]: Cane Growth Modifier: 100%
[13:31:55] [Server thread/INFO]: Melon Growth Modifier: 100%
[13:31:55] [Server thread/INFO]: Mushroom Growth Modifier: 100%
[13:31:55] [Server thread/INFO]: Pumpkin Growth Modifier: 100%
[13:31:55] [Server thread/INFO]: Sapling Growth Modifier: 100%
[13:31:55] [Server thread/INFO]: Beetroot Growth Modifier: 100%
[13:31:55] [Server thread/INFO]: Carrot Growth Modifier: 100%
[13:31:55] [Server thread/INFO]: Potato Growth Modifier: 100%
[13:31:55] [Server thread/INFO]: Wheat Growth Modifier: 100%
[13:31:55] [Server thread/INFO]: NetherWart Growth Modifier: 100%
[13:31:55] [Server thread/INFO]: Vine Growth Modifier: 100%
[13:31:55] [Server thread/INFO]: Cocoa Growth Modifier: 100%
[13:31:55] [Server thread/INFO]: Bamboo Growth Modifier: 100%
[13:31:55] [Server thread/INFO]: SweetBerry Growth Modifier: 100%
[13:31:55] [Server thread/INFO]: Kelp Growth Modifier: 100%
[13:31:55] [Server thread/INFO]: Entity Activation Range: An 32 / Mo 32 / Ra 48 / Mi 16 / Tiv true
[13:31:55] [Server thread/INFO]: Hopper Transfer: 8 Hopper Check: 1 Hopper Amount: 1
[13:31:55] [Server thread/INFO]: Custom Map Seeds:  Village: 10387312 Desert: 14357617 Igloo: 14357618 Jungle: 14357619 Swamp: 14357620 Monument: 10387313 Ocean: 14357621 Shipwreck: 165745295 End City: 10387313 Slime: 987234911 Bastion: 30084232 Fortress: 30084232 Mansion: 10387319 Fossil: 14357921 Portal: 34222645
[13:31:55] [Server thread/INFO]: Max TNT Explosions: 100
[13:31:55] [Server thread/INFO]: Tile Max Tick Time: 50ms Entity max Tick Time: 50ms
[13:31:55] [Server thread/INFO]: -------- World Settings For [world_the_end] --------
[13:31:55] [Server thread/INFO]: Allow Zombie Pigmen to spawn from portal blocks: true
[13:31:55] [Server thread/INFO]: Entity Tracking Range: Pl 48 / An 48 / Mo 48 / Mi 32 / Other 64
[13:31:55] [Server thread/INFO]: Item Merge Radius: 2.5
[13:31:55] [Server thread/INFO]: Item Despawn Rate: 6000
[13:31:55] [Server thread/INFO]: View Distance: 10
[13:31:55] [Server thread/INFO]: Zombie Aggressive Towards Villager: true
[13:31:55] [Server thread/INFO]: Nerfing mobs spawned from spawners: false
[13:31:55] [Server thread/INFO]: Arrow Despawn Rate: 1200 Trident Respawn Rate:1200
[13:31:55] [Server thread/INFO]: Experience Merge Radius: 3.0
[13:31:55] [Server thread/INFO]: Mob Spawn Range: 6
[13:31:55] [Server thread/INFO]: Cactus Growth Modifier: 100%
[13:31:55] [Server thread/INFO]: Cane Growth Modifier: 100%
[13:31:55] [Server thread/INFO]: Melon Growth Modifier: 100%
[13:31:55] [Server thread/INFO]: Mushroom Growth Modifier: 100%
[13:31:55] [Server thread/INFO]: Pumpkin Growth Modifier: 100%
[13:31:55] [Server thread/INFO]: Sapling Growth Modifier: 100%
[13:31:55] [Server thread/INFO]: Beetroot Growth Modifier: 100%
[13:31:55] [Server thread/INFO]: Carrot Growth Modifier: 100%
[13:31:55] [Server thread/INFO]: Potato Growth Modifier: 100%
[13:31:55] [Server thread/INFO]: Wheat Growth Modifier: 100%
[13:31:55] [Server thread/INFO]: NetherWart Growth Modifier: 100%
[13:31:55] [Server thread/INFO]: Vine Growth Modifier: 100%
[13:31:55] [Server thread/INFO]: Cocoa Growth Modifier: 100%
[13:31:55] [Server thread/INFO]: Bamboo Growth Modifier: 100%
[13:31:55] [Server thread/INFO]: SweetBerry Growth Modifier: 100%
[13:31:55] [Server thread/INFO]: Kelp Growth Modifier: 100%
[13:31:55] [Server thread/INFO]: Entity Activation Range: An 32 / Mo 32 / Ra 48 / Mi 16 / Tiv true
[13:31:55] [Server thread/INFO]: Hopper Transfer: 8 Hopper Check: 1 Hopper Amount: 1
[13:31:55] [Server thread/INFO]: Custom Map Seeds:  Village: 10387312 Desert: 14357617 Igloo: 14357618 Jungle: 14357619 Swamp: 14357620 Monument: 10387313 Ocean: 14357621 Shipwreck: 165745295 End City: 10387313 Slime: 987234911 Bastion: 30084232 Fortress: 30084232 Mansion: 10387319 Fossil: 14357921 Portal: 34222645
[13:31:55] [Server thread/INFO]: Max TNT Explosions: 100
[13:31:55] [Server thread/INFO]: Tile Max Tick Time: 50ms Entity max Tick Time: 50ms
[13:31:55] [Server thread/INFO]: Preparing start region for dimension minecraft:overworld
[13:31:57] [Server thread/INFO]: Preparing spawn area: 0%
[13:31:57] [Server thread/INFO]: Preparing spawn area: 0%
[13:31:57] [Server thread/INFO]: Preparing spawn area: 0%
[13:31:57] [Server thread/INFO]: Preparing spawn area: 0%
[13:31:57] [Server thread/INFO]: Preparing spawn area: 0%
[13:32:01] [Worker-Main-11/INFO]: Preparing spawn area: 83%
[13:32:01] [Worker-Main-10/INFO]: Preparing spawn area: 83%
[13:32:01] [Worker-Main-9/INFO]: Preparing spawn area: 83%
[13:32:01] [Worker-Main-9/INFO]: Preparing spawn area: 83%
[13:32:01] [Worker-Main-8/INFO]: Preparing spawn area: 83%
[13:32:01] [Worker-Main-12/INFO]: Preparing spawn area: 83%
[13:32:01] [Worker-Main-12/INFO]: Preparing spawn area: 83%
[13:32:01] [Worker-Main-12/INFO]: Preparing spawn area: 83%
[13:32:01] [Worker-Main-13/INFO]: Preparing spawn area: 99%
[13:32:01] [Server thread/INFO]: Time elapsed: 6755 ms
[13:32:01] [Server thread/INFO]: Preparing start region for dimension minecraft:the_nether
[13:32:03] [Server thread/INFO]: Preparing spawn area: 0%
[13:32:03] [Server thread/INFO]: Preparing spawn area: 0%
[13:32:03] [Server thread/INFO]: Preparing spawn area: 0%
[13:32:03] [Server thread/INFO]: Preparing spawn area: 0%
[13:32:04] [Worker-Main-10/INFO]: Preparing spawn area: 83%
[13:32:04] [Worker-Main-8/INFO]: Preparing spawn area: 83%
[13:32:04] [Worker-Main-9/INFO]: Preparing spawn area: 83%
[13:32:05] [Worker-Main-12/INFO]: Preparing spawn area: 83%
[13:32:05] [Worker-Main-9/INFO]: Preparing spawn area: 83%
[13:32:06] [Worker-Main-8/INFO]: Preparing spawn area: 83%
[13:32:07] [Worker-Main-10/INFO]: Preparing spawn area: 85%
[13:32:07] [Worker-Main-8/INFO]: Preparing spawn area: 91%
[13:32:08] [Worker-Main-11/INFO]: Preparing spawn area: 94%
[13:32:08] [Server thread/INFO]: Time elapsed: 6429 ms
[13:32:08] [Server thread/INFO]: Preparing start region for dimension minecraft:the_end
[13:32:08] [Server thread/INFO]: Preparing spawn area: 0%
[13:32:08] [Worker-Main-11/INFO]: Preparing spawn area: 83%
[13:32:09] [Server thread/INFO]: Time elapsed: 761 ms
[13:32:09] [Server thread/INFO]: [Chairs] Enabling Chairs v7.0
[13:32:09] [Server thread/INFO]: [Timber] Enabling Timber v1.0.9
[13:32:09] [Server thread/INFO]: Timber Log Materials: [JUNGLE_LOG, OAK_LOG, ACACIA_LOG, BIRCH_LOG, SPRUCE_LOG, DARK_OAK_LOG]
[13:32:09] [Server thread/INFO]: Timber Axe Materials: [STONE_AXE, IRON_AXE, GOLDEN_AXE, DIAMOND_AXE, NETHERITE_AXE, WOODEN_AXE]
[13:32:09] [Server thread/INFO]: [HealthBar] Enabling HealthBar v1.8.3
[13:32:09] [Server thread/INFO]: [BackpacksRemastered] Enabling BackpacksRemastered v2020.0.5
[13:32:09] [Server thread/INFO]: [BackpacksRemastered] Detected NMS v1_16_R3. Using this for all NMS related functions.
[13:32:09] [Server thread/INFO]: [BackpacksRemastered] BackpacksRemastered v2020.0.5 (git: e55caa5) was enabled in 0.60s!
[13:32:09] [Server thread/INFO]: [DeadChest] Enabling DeadChest v4.4.0
[13:32:09] [Server thread/INFO]: Server permissions file permissions.yml is empty, ignoring it
[13:32:09] [Server thread/INFO]: Done (14.964s)! For help, type "help"
[13:35:30] [User Authenticator #1/INFO]: UUID of player TVal30 is 6114d9f7-15ec-4ead-989f-511e4715cc7e
[13:35:30] [Server thread/INFO]: TVal30[/127.0.0.1:53997] logged in with entity id 230 at ([world]-117.51249998807907, 68.0, 167.3579030498102)
[13:35:42] [Server thread/INFO]: TVal30 issued server command: /op TVal30
[13:35:53] [Server thread/INFO]: TVal30 issued server command: /gamemode 1
[13:36:02] [Server thread/INFO]: TVal30 issued server command: /gamemode creative
[13:36:02] [Server thread/INFO]: [TVal30: Set own game mode to Creative Mode]
[13:36:39] [Server thread/INFO]: TVal30 issued server command: /time set night
[13:36:39] [Server thread/INFO]: [TVal30: Set the time to 13000]
[13:36:42] [Server thread/INFO]: TVal30 lost connection: Disconnected
[13:36:42] [Server thread/INFO]: TVal30 left the game
[13:36:48] [Server thread/INFO]: Stopping the server
[13:36:48] [Server thread/INFO]: Stopping server
[13:36:48] [Server thread/INFO]: [DeadChest] Disabling DeadChest v4.4.0
[13:36:48] [Server thread/INFO]: [BackpacksRemastered] Disabling BackpacksRemastered v2020.0.5
[13:36:48] [Server thread/INFO]: [BackpacksRemastered] BackpacksRemastered v2020.0.5 (git: e55caa5) has been disabled.
[13:36:48] [Server thread/INFO]: [HealthBar] Disabling HealthBar v1.8.3
[13:36:48] [Server thread/INFO]: HealthBar disabled, all the health bars have been removed.
[13:36:48] [Server thread/INFO]: [Timber] Disabling Timber v1.0.9
[13:36:48] [Server thread/INFO]: [Chairs] Disabling Chairs v7.0
[13:36:48] [Server thread/INFO]: Saving players
[13:36:48] [Server thread/INFO]: Saving worlds
[13:36:48] [Server thread/INFO]: Saving chunks for level 'ServerLevel[world]'/minecraft:overworld
[13:36:49] [Server thread/INFO]: ThreadedAnvilChunkStorage (world): All chunks are saved
[13:36:49] [Server thread/INFO]: Saving chunks for level 'ServerLevel[world_nether]'/minecraft:the_nether
[13:36:50] [Server thread/INFO]: ThreadedAnvilChunkStorage (DIM-1): All chunks are saved
[13:36:50] [Server thread/INFO]: Saving chunks for level 'ServerLevel[world_the_end]'/minecraft:the_end
[13:36:50] [Server thread/INFO]: ThreadedAnvilChunkStorage (DIM1): All chunks are saved
[13:36:50] [Server thread/INFO]: ThreadedAnvilChunkStorage (world): All chunks are saved
[13:36:50] [Server thread/INFO]: ThreadedAnvilChunkStorage (DIM-1): All chunks are saved
[13:36:50] [Server thread/INFO]: ThreadedAnvilChunkStorage (DIM1): All chunks are saved
